[2023-02-21T11:44:31.690054+03:00] blog.INFO: Create user command started [] []
[2023-02-21T11:44:31.784518+03:00] blog.INFO: User created: b25adc72-190a-47ee-9078-b3f99865a3e3 [] []
[2023-02-21T11:49:19.684412+03:00] blog.INFO: Create user command started [] []
[2023-02-21T11:49:19.698818+03:00] blog.ERROR: User already exists: user123 {"exception":"[object] (App\\Blog\\Exceptions\\CommandException(code: 0): User already exists: user123 at C:\\OpenServer\\domains\\php2\\src\\Blog\\Commands\\CreateUserCommand.php:40)"} []
[2023-02-21T11:59:03.590939+03:00] blog.INFO: Create user command started [] []
[2023-02-21T12:01:26.498646+03:00] blog.INFO: Create user command started [] []
[2023-02-21T12:05:10.821661+03:00] blog.INFO: Create user command started [] []
[2023-02-21T12:05:10.829314+03:00] blog.WARNING: User already exists: user123 [] []
[2023-02-21T12:54:52.100134+03:00] blog.INFO: Create user command started [] []
[2023-02-21T12:54:52.107683+03:00] blog.WARNING: User already exists: user123 [] []
[2023-02-21T12:54:58.368913+03:00] blog.INFO: Create user command started [] []
[2023-02-21T12:54:58.375671+03:00] blog.WARNING: User already exists: user123 [] []
[2023-02-21T14:30:56.573344+03:00] blog.INFO: Create user command started [] []
[2023-02-21T14:30:56.587849+03:00] blog.INFO: User created: 21ca31a2-bf38-4f0d-87dc-d07378162762 [] []
[2023-02-21T14:32:19.870482+03:00] blog.INFO: Create user command started [] []
[2023-02-21T14:32:19.878548+03:00] blog.WARNING: User already exists: ivan [] []
[2023-02-21T14:32:23.578118+03:00] blog.INFO: Create user command started [] []
[2023-02-21T14:32:23.586385+03:00] blog.WARNING: User already exists: user123 [] []
[2023-02-21T14:41:03.085446+03:00] blog.INFO: Create user command started [] []
[2023-02-21T14:41:03.098094+03:00] blog.INFO: User created: e385803f-2342-406c-8b1d-a1c2d642f89a [] []
[2023-02-21T14:41:03.098186+03:00] blog.INFO: User created: e385803f-2342-406c-8b1d-a1c2d642f89a [] []
[2023-02-21T14:48:01.507200+03:00] blog.INFO: User created: eefcd078-1a02-402e-ad7d-10c58e9ff84a [] []
[2023-02-21T16:03:37.423517+03:00] blog.INFO: Create user command started [] []
[2023-02-21T16:03:37.473621+03:00] blog.INFO: User created: 9370c20c-0df4-4f99-a5be-3fd1d0bbc191 [] []
